<?xml version="1.0" encoding="UTF-8"?>
<!-- Generated by org.testng.reporters.JUnitXMLReporter -->
<testsuite hostname="ZIL267" ignored="0" name="BrowserRun" tests="1" failures="1" timestamp="19 Apr 2021 05:19:43 GMT" time="0.052" errors="0">
  <testcase name="@AfterClass CloseBrowser" time="0.023" classname="BrowseTesting.CrossBrowsing">
    <failure type="java.lang.NullPointerException">
      <![CDATA[java.lang.NullPointerException
at BrowseTesting.CrossBrowsing.CloseBrowser(CrossBrowsing.java:46)
... Removed 26 stack frames]]>
    </failure>
  </testcase> <!-- @AfterClass CloseBrowser -->
  <testcase name="openBrowser" time="0.0" classname="BrowseTesting.CrossBrowsing">
    <failure type="org.testng.TestNGException" message="
Parameter &amp;apos;browser&amp;apos; is required by @Test on method openBrowser but has not been marked @Optional or defined
in E:\Swapnil\Automation\InterviewQuestion\TestNg1.xml">
      <![CDATA[org.testng.TestNGException: 
Parameter 'browser' is required by @Test on method openBrowser but has not been marked @Optional or defined
in E:\Swapnil\Automation\InterviewQuestion\TestNg1.xml
... Removed 24 stack frames]]>
    </failure>
  </testcase> <!-- openBrowser -->
</testsuite> <!-- BrowserRun -->
